<?xml version="1.0" encoding="UTF-8"?>
<!-- Generated by org.testng.reporters.JUnitReportReporter -->
<testsuite hostname="DESKTOP-68P3RKI" failures="0" tests="5" name="com.telus.testng.RegistrationDemoEndToEnd" time="26.629" errors="0" timestamp="2022-09-06T21:03:37 IST" skipped="0">
  <testcase classname="com.telus.testng.RegistrationDemoEndToEnd" name="launchApplication" time="17.153"/>
  <system-out/>
  <testcase classname="com.telus.testng.RegistrationDemoEndToEnd" name="navigateToRegistrationForm" time="3.915"/>
  <system-out/>
  <testcase classname="com.telus.testng.RegistrationDemoEndToEnd" name="registerUserAccount" time="5.308"/>
  <system-out/>
  <testcase classname="com.telus.testng.RegistrationDemoEndToEnd" name="successfulMessage" time="0.083"/>
  <system-out/>
  <testcase classname="com.telus.testng.RegistrationDemoEndToEnd" name="closeApplication" time="0.170"/>
  <system-out/>
</testsuite> <!-- com.telus.testng.RegistrationDemoEndToEnd -->
