<?xml version="1.0" encoding="UTF-8"?>
<!-- Generated by org.testng.reporters.JUnitReportReporter -->
<testsuite hostname="DESKTOP-68P3RKI" failures="0" tests="3" name="com.telus.navigation_method_class.NavigationClassAnnotation" time="44.178" errors="0" timestamp="2022-08-14T23:14:28 IST" skipped="0">
  <testcase classname="com.telus.navigation_method_class.NavigationClassAnnotation" name="registrationForm" time="13.074"/>
  <system-out/>
  <testcase classname="com.telus.navigation_method_class.NavigationClassAnnotation" name="alertAndPopup" time="19.684"/>
  <system-out/>
  <testcase classname="com.telus.navigation_method_class.NavigationClassAnnotation" name="multiplewindows" time="11.420"/>
  <system-out/>
</testsuite> <!-- com.telus.navigation_method_class.NavigationClassAnnotation -->
