<?xml version="1.0" encoding="UTF-8"?>
<!-- Generated by org.testng.reporters.JUnitReportReporter -->
<testsuite hostname="DESKTOP-68P3RKI" failures="0" tests="2" name="com.telus.navigation.BeforeAndAfterClass" time="5.355" errors="0" timestamp="2022-08-15T00:03:46 IST" skipped="0">
  <testcase classname="com.telus.navigation.BeforeAndAfterClass" name="alertAndPopup" time="2.387"/>
  <system-out/>
  <testcase classname="com.telus.navigation.BeforeAndAfterClass" name="clickPython" time="2.968"/>
  <system-out/>
</testsuite> <!-- com.telus.navigation.BeforeAndAfterClass -->
