<?xml version="1.0" encoding="UTF-8"?>
<!-- Generated by org.testng.reporters.JUnitReportReporter -->
<testsuite hostname="DESKTOP-68P3RKI" failures="0" tests="5" name="com.telus.testng.RegDemo_EndToEnd" time="20.222" errors="0" timestamp="2022-08-07T23:38:04 IST" skipped="0">
  <testcase classname="com.telus.testng.RegDemo_EndToEnd" name="launchApplication" time="12.317"/>
  <system-out/>
  <testcase classname="com.telus.testng.RegDemo_EndToEnd" name="navigateToRegistrationForm" time="3.493"/>
  <system-out/>
  <testcase classname="com.telus.testng.RegDemo_EndToEnd" name="registerUserAccount" time="4.341"/>
  <system-out/>
  <testcase classname="com.telus.testng.RegDemo_EndToEnd" name="successfulMsg" time="0.068"/>
  <system-out/>
  <testcase classname="com.telus.testng.RegDemo_EndToEnd" name="closeApplication" time="0.003"/>
  <system-out/>
</testsuite> <!-- com.telus.testng.RegDemo_EndToEnd -->
