<?xml version="1.0" encoding="UTF-8"?>
<!-- Generated by org.testng.reporters.JUnitReportReporter -->
<testsuite hostname="DESKTOP-68P3RKI" failures="0" tests="3" name="com.telus.navigation.BeforeAndAfterMethod" time="36.737" errors="0" timestamp="2022-08-15T00:05:20 IST" skipped="0">
  <testcase classname="com.telus.navigation.BeforeAndAfterMethod" name="registrationForm" time="11.971"/>
  <system-out/>
  <testcase classname="com.telus.navigation.BeforeAndAfterMethod" name="alertAndPopup" time="12.091"/>
  <system-out/>
  <testcase classname="com.telus.navigation.BeforeAndAfterMethod" name="multiplewindows" time="12.675"/>
  <system-out/>
</testsuite> <!-- com.telus.navigation.BeforeAndAfterMethod -->
