<?xml version="1.0" encoding="UTF-8"?>
<!-- Generated by org.testng.reporters.JUnitReportReporter -->
<testsuite hostname="DESKTOP-68P3RKI" failures="0" tests="5" name="com.telus.testng.RegistrationDemoEndToEnd" time="38.685" errors="0" timestamp="2022-09-06T20:53:53 IST" skipped="0">
  <testcase classname="com.telus.testng.RegistrationDemoEndToEnd" name="launchApplication" time="22.092"/>
  <system-out/>
  <testcase classname="com.telus.testng.RegistrationDemoEndToEnd" name="navigateToRegistrationForm" time="6.733"/>
  <system-out/>
  <testcase classname="com.telus.testng.RegistrationDemoEndToEnd" name="registerUserAccount" time="5.613"/>
  <system-out/>
  <testcase classname="com.telus.testng.RegistrationDemoEndToEnd" name="successfulMessage" time="0.085"/>
  <system-out/>
  <testcase classname="com.telus.testng.RegistrationDemoEndToEnd" name="closeApplication" time="4.162"/>
  <system-out/>
</testsuite> <!-- com.telus.testng.RegistrationDemoEndToEnd -->
